[18:31:52] INFO BEProgMissionLogger | ##################################################
[18:31:53] INFO BEProgMissionLogger | Complete simulation starting ...
[18:31:53] INFO BEProgMissionLogger | CompleteMission [name=BE Supaero mission, startDate=2010-09-01T00:00:00.000, endDate=2010-09-08T00:00:00.000, satellite=Pleiades 1A]
[18:31:53] INFO BEProgMissionLogger | ============= Computing Access Plan =============
[18:31:53] INFO BEProgMissionLogger |  Site : PARIS
[18:31:53] INFO BEProgMissionLogger | 	|____ Printing Timeline ____
[18:31:53] INFO BEProgMissionLogger | 	| Satellite visibility and illumination and no dazzling [ 2010-09-01T07:08:32.585 (UTC) ; 2010-09-01T07:11:32.657 (UTC) ]
[18:31:53] INFO BEProgMissionLogger | 	| Satellite visibility and illumination and no dazzling [ 2010-09-02T07:47:31.717 (UTC) ; 2010-09-02T07:50:11.001 (UTC) ]
[18:31:53] INFO BEProgMissionLogger | 	| Satellite visibility and illumination and no dazzling [ 2010-09-04T07:28:20.770 (UTC) ; 2010-09-04T07:29:19.424 (UTC) ]
[18:31:53] INFO BEProgMissionLogger | 	| Satellite visibility and illumination and no dazzling [ 2010-09-04T07:32:09.093 (UTC) ; 2010-09-04T07:32:09.094 (UTC) ]
[18:31:53] INFO BEProgMissionLogger | 	| Satellite visibility and illumination and no dazzling [ 2010-09-06T07:10:45.933 (UTC) ; 2010-09-06T07:11:23.868 (UTC) ]
[18:31:53] INFO BEProgMissionLogger | 	|___________________________
[18:31:53] INFO BEProgMissionLogger | accesses/PARIS_562931739.serhas been loaded successfully!
[18:31:53] INFO BEProgMissionLogger |  Site : MARSEILLE
[18:31:53] INFO BEProgMissionLogger | 	|____ Printing Timeline ____
[18:31:53] INFO BEProgMissionLogger | 	| Satellite visibility and illumination and no dazzling [ 2010-09-01T07:09:30.719 (UTC) ; 2010-09-01T07:13:19.825 (UTC) ]
[18:31:53] INFO BEProgMissionLogger | 	| Satellite visibility and illumination and no dazzling [ 2010-09-03T06:50:36.176 (UTC) ; 2010-09-03T06:54:01.292 (UTC) ]
[18:31:53] INFO BEProgMissionLogger | 	| Satellite visibility and illumination and no dazzling [ 2010-09-05T06:34:08.140 (UTC) ; 2010-09-05T06:34:26.356 (UTC) ]
[18:31:53] INFO BEProgMissionLogger | 	| Satellite visibility and illumination and no dazzling [ 2010-09-06T07:10:34.619 (UTC) ; 2010-09-06T07:12:20.268 (UTC) ]
[18:31:53] INFO BEProgMissionLogger | 	|___________________________
[18:31:53] INFO BEProgMissionLogger | accesses/MARSEILLE_562931739.serhas been loaded successfully!
[18:31:53] INFO BEProgMissionLogger |  Site : LYON
[18:31:53] INFO BEProgMissionLogger | 	|____ Printing Timeline ____
[18:31:53] INFO BEProgMissionLogger | 	| Satellite visibility and illumination and no dazzling [ 2010-09-01T07:08:56.731 (UTC) ; 2010-09-01T07:12:38.017 (UTC) ]
[18:31:53] INFO BEProgMissionLogger | 	| Satellite visibility and illumination and no dazzling [ 2010-09-03T06:50:06.173 (UTC) ; 2010-09-03T06:53:14.169 (UTC) ]
[18:31:53] INFO BEProgMissionLogger | 	| Satellite visibility and illumination and no dazzling [ 2010-09-06T07:09:53.627 (UTC) ; 2010-09-06T07:13:43.811 (UTC) ]
[18:31:53] INFO BEProgMissionLogger | 	|___________________________
[18:31:53] INFO BEProgMissionLogger | accesses/LYON_562931739.serhas been loaded successfully!
[18:31:53] INFO BEProgMissionLogger |  Site : TOULOUSE
[18:31:53] INFO BEProgMissionLogger | 	|____ Printing Timeline ____
[18:31:53] INFO BEProgMissionLogger | 	| Satellite visibility and illumination and no dazzling [ 2010-09-01T07:09:55.871 (UTC) ; 2010-09-01T07:13:03.558 (UTC) ]
[18:31:53] INFO BEProgMissionLogger | 	| Satellite visibility and illumination and no dazzling [ 2010-09-03T06:51:26.596 (UTC) ; 2010-09-03T06:53:16.707 (UTC) ]
[18:31:53] INFO BEProgMissionLogger | 	| Satellite visibility and illumination and no dazzling [ 2010-09-04T07:29:43.211 (UTC) ; 2010-09-04T07:33:32.179 (UTC) ]
[18:31:53] INFO BEProgMissionLogger | 	| Satellite visibility and illumination and no dazzling [ 2010-09-06T07:10:36.155 (UTC) ; 2010-09-06T07:14:29.131 (UTC) ]
[18:31:53] INFO BEProgMissionLogger | 	|___________________________
[18:31:53] INFO BEProgMissionLogger | accesses/TOULOUSE_562931739.serhas been loaded successfully!
[18:31:53] INFO BEProgMissionLogger |  Site : NICE
[18:31:53] INFO BEProgMissionLogger | 	|____ Printing Timeline ____
[18:31:53] INFO BEProgMissionLogger | 	| Satellite visibility and illumination and no dazzling [ 2010-09-01T07:09:16.969 (UTC) ; 2010-09-01T07:13:10.545 (UTC) ]
[18:31:53] INFO BEProgMissionLogger | 	| Satellite visibility and illumination and no dazzling [ 2010-09-03T06:50:16.539 (UTC) ; 2010-09-03T06:53:59.141 (UTC) ]
[18:31:53] INFO BEProgMissionLogger | 	| Satellite visibility and illumination and no dazzling [ 2010-09-05T06:31:26.222 (UTC) ; 2010-09-05T06:34:35.508 (UTC) ]
[18:31:53] INFO BEProgMissionLogger | 	|___________________________
[18:31:53] INFO BEProgMissionLogger | accesses/NICE_562931739.serhas been loaded successfully!
[18:31:53] INFO BEProgMissionLogger |  Site : NANTES
[18:31:53] INFO BEProgMissionLogger | 	|____ Printing Timeline ____
[18:31:53] INFO BEProgMissionLogger | 	| Satellite visibility and illumination and no dazzling [ 2010-09-02T07:47:58.237 (UTC) ; 2010-09-02T07:51:51.665 (UTC) ]
[18:31:53] INFO BEProgMissionLogger | 	| Satellite visibility and illumination and no dazzling [ 2010-09-04T07:28:54.784 (UTC) ; 2010-09-04T07:32:43.533 (UTC) ]
[18:31:53] INFO BEProgMissionLogger | 	| Satellite visibility and illumination and no dazzling [ 2010-09-06T07:09:59.140 (UTC) ; 2010-09-06T07:13:25.476 (UTC) ]
[18:31:53] INFO BEProgMissionLogger | 	|___________________________
[18:31:53] INFO BEProgMissionLogger | accesses/NANTES_562931739.serhas been loaded successfully!
[18:31:53] INFO BEProgMissionLogger |  Site : STRASBOURG
[18:31:53] INFO BEProgMissionLogger | 	|____ Printing Timeline ____
[18:31:53] INFO BEProgMissionLogger | 	| Satellite visibility and illumination and no dazzling [ 2010-09-01T07:07:59.523 (UTC) ; 2010-09-01T07:11:50.931 (UTC) ]
[18:31:53] INFO BEProgMissionLogger | 	| Satellite visibility and illumination and no dazzling [ 2010-09-03T06:49:01.289 (UTC) ; 2010-09-03T06:52:35.820 (UTC) ]
[18:31:53] INFO BEProgMissionLogger | 	| Satellite visibility and illumination and no dazzling [ 2010-09-05T06:30:12.642 (UTC) ; 2010-09-05T06:33:09.007 (UTC) ]
[18:31:53] INFO BEProgMissionLogger | 	|___________________________
[18:31:53] INFO BEProgMissionLogger | accesses/STRASBOURG_562931739.serhas been loaded successfully!
[18:31:53] INFO BEProgMissionLogger |  Site : MONTPELLIER
[18:31:53] INFO BEProgMissionLogger | 	|____ Printing Timeline ____
[18:31:53] INFO BEProgMissionLogger | 	| Satellite visibility and illumination and no dazzling [ 2010-09-01T07:09:34.814 (UTC) ; 2010-09-01T07:13:13.578 (UTC) ]
[18:31:53] INFO BEProgMissionLogger | 	| Satellite visibility and illumination and no dazzling [ 2010-09-03T06:50:46.807 (UTC) ; 2010-09-03T06:53:47.287 (UTC) ]
[18:31:53] INFO BEProgMissionLogger | 	| Satellite visibility and illumination and no dazzling [ 2010-09-06T07:10:30.113 (UTC) ; 2010-09-06T07:14:20.784 (UTC) ]
[18:31:53] INFO BEProgMissionLogger | 	|___________________________
[18:31:53] INFO BEProgMissionLogger | accesses/MONTPELLIER_562931739.serhas been loaded successfully!
[18:31:53] INFO BEProgMissionLogger |  Site : BORDEAUX
[18:31:53] INFO BEProgMissionLogger | 	|____ Printing Timeline ____
[18:31:53] INFO BEProgMissionLogger | 	| Satellite visibility and illumination and no dazzling [ 2010-09-01T07:10:07.010 (UTC) ; 2010-09-01T07:12:20.030 (UTC) ]
[18:31:53] INFO BEProgMissionLogger | 	| Satellite visibility and illumination and no dazzling [ 2010-09-02T07:48:35.619 (UTC) ; 2010-09-02T07:52:22.869 (UTC) ]
[18:31:53] INFO BEProgMissionLogger | 	| Satellite visibility and illumination and no dazzling [ 2010-09-04T07:29:27.477 (UTC) ; 2010-09-04T07:33:21.078 (UTC) ]
[18:31:53] INFO BEProgMissionLogger | 	| Satellite visibility and illumination and no dazzling [ 2010-09-06T07:10:27.125 (UTC) ; 2010-09-06T07:14:09.377 (UTC) ]
[18:31:53] INFO BEProgMissionLogger | 	|___________________________
[18:31:53] INFO BEProgMissionLogger | accesses/BORDEAUX_562931739.serhas been loaded successfully!
[18:31:53] INFO BEProgMissionLogger |  Site : LILLE
[18:31:53] INFO BEProgMissionLogger | 	|____ Printing Timeline ____
[18:31:53] INFO BEProgMissionLogger | 	| Satellite visibility and illumination and no dazzling [ 2010-09-01T07:08:00.511 (UTC) ; 2010-09-01T07:11:04.942 (UTC) ]
[18:31:53] INFO BEProgMissionLogger | 	| Satellite visibility and illumination and no dazzling [ 2010-09-02T07:46:56.981 (UTC) ; 2010-09-02T07:50:38.425 (UTC) ]
[18:31:53] INFO BEProgMissionLogger | 	| Satellite visibility and illumination and no dazzling [ 2010-09-03T06:49:25.393 (UTC) ; 2010-09-03T06:51:22.422 (UTC) ]
[18:31:53] INFO BEProgMissionLogger | 	| Satellite visibility and illumination and no dazzling [ 2010-09-04T07:27:46.391 (UTC) ; 2010-09-04T07:31:39.410 (UTC) ]
[18:31:53] INFO BEProgMissionLogger | 	| Satellite visibility and illumination and no dazzling [ 2010-09-06T07:08:41.672 (UTC) ; 2010-09-06T07:12:32.452 (UTC) ]
[18:31:53] INFO BEProgMissionLogger | 	|___________________________
[18:31:53] INFO BEProgMissionLogger | accesses/LILLE_562931739.serhas been loaded successfully!
[18:31:53] INFO BEProgMissionLogger |  Site : RENNES
[18:31:53] INFO BEProgMissionLogger | 	|____ Printing Timeline ____
[18:31:53] INFO BEProgMissionLogger | 	| Satellite visibility and illumination and no dazzling [ 2010-09-02T07:47:44.846 (UTC) ; 2010-09-02T07:51:38.606 (UTC) ]
[18:31:53] INFO BEProgMissionLogger | 	| Satellite visibility and illumination and no dazzling [ 2010-09-04T07:28:42.403 (UTC) ; 2010-09-04T07:32:29.021 (UTC) ]
[18:31:53] INFO BEProgMissionLogger | 	| Satellite visibility and illumination and no dazzling [ 2010-09-06T07:09:47.786 (UTC) ; 2010-09-06T07:13:09.497 (UTC) ]
[18:31:53] INFO BEProgMissionLogger | 	|___________________________
[18:31:53] INFO BEProgMissionLogger | accesses/RENNES_562931739.serhas been loaded successfully!
[18:31:53] INFO BEProgMissionLogger |  Site : REIMS
[18:31:53] INFO BEProgMissionLogger | 	|____ Printing Timeline ____
[18:31:53] INFO BEProgMissionLogger | 	| Satellite visibility and illumination and no dazzling [ 2010-09-01T07:08:11.535 (UTC) ; 2010-09-01T07:11:34.838 (UTC) ]
[18:31:53] INFO BEProgMissionLogger | 	| Satellite visibility and illumination and no dazzling [ 2010-09-03T06:49:27.762 (UTC) ; 2010-09-03T06:52:02.239 (UTC) ]
[18:31:53] INFO BEProgMissionLogger | 	| Satellite visibility and illumination and no dazzling [ 2010-09-04T07:28:07.506 (UTC) ; 2010-09-04T07:31:55.585 (UTC) ]
[18:31:53] INFO BEProgMissionLogger | 	| Satellite visibility and illumination and no dazzling [ 2010-09-06T07:08:59.519 (UTC) ; 2010-09-06T07:12:53.184 (UTC) ]
[18:31:53] INFO BEProgMissionLogger | 	|___________________________
[18:31:53] INFO BEProgMissionLogger | accesses/REIMS_562931739.serhas been loaded successfully!
[18:31:53] INFO BEProgMissionLogger |  Site : LE HAVRE
[18:31:53] INFO BEProgMissionLogger | 	|____ Printing Timeline ____
[18:31:53] INFO BEProgMissionLogger | 	| Satellite visibility and illumination and no dazzling [ 2010-09-01T07:08:54.721 (UTC) ; 2010-09-01T07:10:57.455 (UTC) ]
[18:31:53] INFO BEProgMissionLogger | 	| Satellite visibility and illumination and no dazzling [ 2010-09-02T07:47:18.251 (UTC) ; 2010-09-02T07:51:10.393 (UTC) ]
[18:31:53] INFO BEProgMissionLogger | 	| Satellite visibility and illumination and no dazzling [ 2010-09-04T07:28:12.781 (UTC) ; 2010-09-04T07:32:04.597 (UTC) ]
[18:31:53] INFO BEProgMissionLogger | 	| Satellite visibility and illumination and no dazzling [ 2010-09-06T07:09:13.914 (UTC) ; 2010-09-06T07:12:50.105 (UTC) ]
[18:31:53] INFO BEProgMissionLogger | 	|___________________________
[18:31:53] INFO BEProgMissionLogger | accesses/LE HAVRE_562931739.serhas been loaded successfully!
[18:31:53] INFO BEProgMissionLogger |  Site : SAINT-ETIENNE
[18:31:53] INFO BEProgMissionLogger | 	|____ Printing Timeline ____
[18:31:53] INFO BEProgMissionLogger | 	| Satellite visibility and illumination and no dazzling [ 2010-09-01T07:09:04.475 (UTC) ; 2010-09-01T07:12:42.782 (UTC) ]
[18:31:53] INFO BEProgMissionLogger | 	| Satellite visibility and illumination and no dazzling [ 2010-09-03T06:50:15.602 (UTC) ; 2010-09-03T06:53:17.044 (UTC) ]
[18:31:53] INFO BEProgMissionLogger | 	| Satellite visibility and illumination and no dazzling [ 2010-09-06T07:09:59.637 (UTC) ; 2010-09-06T07:13:50.686 (UTC) ]
[18:31:53] INFO BEProgMissionLogger | 	|___________________________
[18:31:53] INFO BEProgMissionLogger | accesses/SAINT-ETIENNE_562931739.serhas been loaded successfully!
[18:31:53] INFO BEProgMissionLogger |  Site : TOULON
[18:31:53] INFO BEProgMissionLogger | 	|____ Printing Timeline ____
[18:31:53] INFO BEProgMissionLogger | 	| Satellite visibility and illumination and no dazzling [ 2010-09-01T07:09:30.898 (UTC) ; 2010-09-01T07:13:22.390 (UTC) ]
[18:31:53] INFO BEProgMissionLogger | 	| Satellite visibility and illumination and no dazzling [ 2010-09-03T06:50:34.235 (UTC) ; 2010-09-03T06:54:06.458 (UTC) ]
[18:31:53] INFO BEProgMissionLogger | 	| Satellite visibility and illumination and no dazzling [ 2010-09-05T06:31:50.108 (UTC) ; 2010-09-05T06:34:35.877 (UTC) ]
[18:31:53] INFO BEProgMissionLogger | 	|___________________________
[18:31:53] INFO BEProgMissionLogger | accesses/TOULON_562931739.serhas been loaded successfully!
[18:31:53] INFO BEProgMissionLogger |  Site : GRENOBLE
[18:31:53] INFO BEProgMissionLogger | 	|____ Printing Timeline ____
[18:31:53] INFO BEProgMissionLogger | 	| Satellite visibility and illumination and no dazzling [ 2010-09-01T07:09:00.713 (UTC) ; 2010-09-01T07:12:48.591 (UTC) ]
[18:31:53] INFO BEProgMissionLogger | 	| Satellite visibility and illumination and no dazzling [ 2010-09-03T06:50:06.364 (UTC) ; 2010-09-03T06:53:29.413 (UTC) ]
[18:31:53] INFO BEProgMissionLogger | 	| Satellite visibility and illumination and no dazzling [ 2010-09-05T06:33:42.562 (UTC) ; 2010-09-05T06:33:54.281 (UTC) ]
[18:31:53] INFO BEProgMissionLogger | 	| Satellite visibility and illumination and no dazzling [ 2010-09-06T07:10:02.948 (UTC) ; 2010-09-06T07:12:54.344 (UTC) ]
[18:31:53] INFO BEProgMissionLogger | 	|___________________________
[18:31:53] INFO BEProgMissionLogger | accesses/GRENOBLE_562931739.serhas been loaded successfully!
[18:31:53] INFO BEProgMissionLogger |  Site : DIJON
[18:31:53] INFO BEProgMissionLogger | 	|____ Printing Timeline ____
[18:31:53] INFO BEProgMissionLogger | 	| Satellite visibility and illumination and no dazzling [ 2010-09-01T07:08:32.632 (UTC) ; 2010-09-01T07:12:11.491 (UTC) ]
[18:31:53] INFO BEProgMissionLogger | 	| Satellite visibility and illumination and no dazzling [ 2010-09-03T06:49:42.543 (UTC) ; 2010-09-03T06:52:46.701 (UTC) ]
[18:31:53] INFO BEProgMissionLogger | 	| Satellite visibility and illumination and no dazzling [ 2010-09-06T07:09:28.003 (UTC) ; 2010-09-06T07:13:19.688 (UTC) ]
[18:31:53] INFO BEProgMissionLogger | 	|___________________________
[18:31:53] INFO BEProgMissionLogger | accesses/DIJON_562931739.serhas been loaded successfully!
[18:31:53] INFO BEProgMissionLogger |  Site : ANGERS
[18:31:53] INFO BEProgMissionLogger | 	|____ Printing Timeline ____
[18:31:53] INFO BEProgMissionLogger | 	| Satellite visibility and illumination and no dazzling [ 2010-09-01T07:09:33.674 (UTC) ; 2010-09-01T07:11:27.197 (UTC) ]
[18:31:53] INFO BEProgMissionLogger | 	| Satellite visibility and illumination and no dazzling [ 2010-09-02T07:47:52.288 (UTC) ; 2010-09-02T07:51:43.898 (UTC) ]
[18:31:53] INFO BEProgMissionLogger | 	| Satellite visibility and illumination and no dazzling [ 2010-09-04T07:28:46.618 (UTC) ; 2010-09-04T07:32:38.625 (UTC) ]
[18:31:53] INFO BEProgMissionLogger | 	| Satellite visibility and illumination and no dazzling [ 2010-09-06T07:09:48.178 (UTC) ; 2010-09-06T07:13:24.010 (UTC) ]
[18:31:53] INFO BEProgMissionLogger | 	|___________________________
[18:31:53] INFO BEProgMissionLogger | accesses/ANGERS_562931739.serhas been loaded successfully!
[18:31:53] INFO BEProgMissionLogger |  Site : LE MANS
[18:31:53] INFO BEProgMissionLogger | 	|____ Printing Timeline ____
[18:31:53] INFO BEProgMissionLogger | 	| Satellite visibility and illumination and no dazzling [ 2010-09-01T07:09:12.721 (UTC) ; 2010-09-01T07:11:28.305 (UTC) ]
[18:31:53] INFO BEProgMissionLogger | 	| Satellite visibility and illumination and no dazzling [ 2010-09-02T07:47:42.583 (UTC) ; 2010-09-02T07:51:32.421 (UTC) ]
[18:31:53] INFO BEProgMissionLogger | 	| Satellite visibility and illumination and no dazzling [ 2010-09-04T07:28:35.630 (UTC) ; 2010-09-04T07:32:28.771 (UTC) ]
[18:31:53] INFO BEProgMissionLogger | 	| Satellite visibility and illumination and no dazzling [ 2010-09-06T07:09:35.548 (UTC) ; 2010-09-06T07:13:16.144 (UTC) ]
[18:31:53] INFO BEProgMissionLogger | 	|___________________________
[18:31:53] INFO BEProgMissionLogger | accesses/LE MANS_562931739.serhas been loaded successfully!
[18:31:53] INFO BEProgMissionLogger |  Site : AIX-EN-PROVENCE
[18:31:53] INFO BEProgMissionLogger | 	|____ Printing Timeline ____
[18:31:53] INFO BEProgMissionLogger | 	| Satellite visibility and illumination and no dazzling [ 2010-09-01T07:09:26.838 (UTC) ; 2010-09-01T07:13:15.883 (UTC) ]
[18:31:53] INFO BEProgMissionLogger | 	| Satellite visibility and illumination and no dazzling [ 2010-09-03T06:50:32.269 (UTC) ; 2010-09-03T06:53:57.331 (UTC) ]
[18:31:53] INFO BEProgMissionLogger | 	| Satellite visibility and illumination and no dazzling [ 2010-09-05T06:34:01.071 (UTC) ; 2010-09-05T06:34:22.485 (UTC) ]
[18:31:53] INFO BEProgMissionLogger | 	| Satellite visibility and illumination and no dazzling [ 2010-09-06T07:10:30.598 (UTC) ; 2010-09-06T07:12:22.290 (UTC) ]
[18:31:53] INFO BEProgMissionLogger | 	|___________________________
[18:31:53] INFO BEProgMissionLogger | accesses/AIX-EN-PROVENCE_562931739.serhas been loaded successfully!
[18:31:53] INFO BEProgMissionLogger | Access plan : {NANTES=fr.cnes.sirius.patrius.events.postprocessing.Timeline@558bdf1f, STRASBOURG=fr.cnes.sirius.patrius.events.postprocessing.Timeline@8576fa0, PARIS=fr.cnes.sirius.patrius.events.postprocessing.Timeline@7582ff54, LILLE=fr.cnes.sirius.patrius.events.postprocessing.Timeline@67545b57, MONTPELLIER=fr.cnes.sirius.patrius.events.postprocessing.Timeline@6c2c1385, TOULON=fr.cnes.sirius.patrius.events.postprocessing.Timeline@5f354bcf, REIMS=fr.cnes.sirius.patrius.events.postprocessing.Timeline@3daf7722, ANGERS=fr.cnes.sirius.patrius.events.postprocessing.Timeline@78641d23, SAINT-ETIENNE=fr.cnes.sirius.patrius.events.postprocessing.Timeline@74589991, BORDEAUX=fr.cnes.sirius.patrius.events.postprocessing.Timeline@146dfe6, LE MANS=fr.cnes.sirius.patrius.events.postprocessing.Timeline@4716be8b, NICE=fr.cnes.sirius.patrius.events.postprocessing.Timeline@1fc32e4f, RENNES=fr.cnes.sirius.patrius.events.postprocessing.Timeline@2f67b837, LE HAVRE=fr.cnes.sirius.patrius.events.postprocessing.Timeline@1869fbd2, MARSEILLE=fr.cnes.sirius.patrius.events.postprocessing.Timeline@6af9fcb2, GRENOBLE=fr.cnes.sirius.patrius.events.postprocessing.Timeline@6cce16f4, TOULOUSE=fr.cnes.sirius.patrius.events.postprocessing.Timeline@7efaad5a, LYON=fr.cnes.sirius.patrius.events.postprocessing.Timeline@291a7e3c, DIJON=fr.cnes.sirius.patrius.events.postprocessing.Timeline@ca30bc1, AIX-EN-PROVENCE=fr.cnes.sirius.patrius.events.postprocessing.Timeline@1046d517}
[18:31:53] INFO BEProgMissionLogger | ============= Computing Observation Plan =============
[18:31:53] INFO BEProgMissionLogger | Current target site : NANTES
[18:31:53] INFO BEProgMissionLogger | ] 2010-09-02T07:48:32.237 ; 2010-09-02T07:52:25.665 [
[18:31:53] INFO BEProgMissionLogger | Maximum possible duration of the slew : 45.00869646149441
[18:31:53] INFO BEProgMissionLogger | Actual duration of the slew : 233.42796407728724
[18:31:53] INFO BEProgMissionLogger | ] 2010-09-04T07:29:28.784 ; 2010-09-04T07:33:17.533 [
[18:31:53] INFO BEProgMissionLogger | Maximum possible duration of the slew : 43.6657975198616
[18:31:53] INFO BEProgMissionLogger | Actual duration of the slew : 228.74977623095657
[18:31:53] INFO BEProgMissionLogger | ] 2010-09-06T07:10:33.140 ; 2010-09-06T07:13:59.476 [
[18:31:53] INFO BEProgMissionLogger | Maximum possible duration of the slew : 38.054807259749836
[18:31:53] INFO BEProgMissionLogger | Actual duration of the slew : 206.33609099878683
[18:31:53] INFO BEProgMissionLogger | Current target site : STRASBOURG
[18:31:53] INFO BEProgMissionLogger | ] 2010-09-01T07:08:33.523 ; 2010-09-01T07:12:24.931 [
[18:31:53] INFO BEProgMissionLogger | Maximum possible duration of the slew : 44.39720400882591
[18:31:53] INFO BEProgMissionLogger | Actual duration of the slew : 231.40765705269249
[18:31:53] INFO BEProgMissionLogger | ] 2010-09-03T06:49:35.289 ; 2010-09-03T06:53:09.820 [
[18:31:53] INFO BEProgMissionLogger | Maximum possible duration of the slew : 40.02115886665119
[18:31:53] INFO BEProgMissionLogger | Actual duration of the slew : 214.53049772170812
[18:31:53] INFO BEProgMissionLogger | ] 2010-09-05T06:30:46.642 ; 2010-09-05T06:33:43.007 [
[18:31:53] INFO BEProgMissionLogger | Maximum possible duration of the slew : 31.445221831134464
[18:31:53] INFO BEProgMissionLogger | Actual duration of the slew : 176.36501635551735
[18:31:53] INFO BEProgMissionLogger | Current target site : PARIS
[18:31:53] INFO BEProgMissionLogger | ] 2010-09-01T07:09:06.585 ; 2010-09-01T07:12:06.657 [
[18:31:53] INFO BEProgMissionLogger | Maximum possible duration of the slew : 32.2399740723378
[18:31:53] INFO BEProgMissionLogger | Actual duration of the slew : 180.07244136116077
[18:31:53] INFO BEProgMissionLogger | ] 2010-09-02T07:48:05.717 ; 2010-09-02T07:50:45.001 [
[18:31:53] INFO BEProgMissionLogger | Maximum possible duration of the slew : 32.34281355527445
[18:31:53] INFO BEProgMissionLogger | Actual duration of the slew : 159.2838322405397
[18:31:53] INFO BEProgMissionLogger | ] 2010-09-04T07:28:54.770 ; 2010-09-04T07:29:53.424 [
[18:31:53] INFO BEProgMissionLogger | Maximum possible duration of the slew : 13.64000404327276
[18:31:53] INFO BEProgMissionLogger | Actual duration of the slew : 58.654447196814445
[18:31:53] INFO BEProgMissionLogger | ] 2010-09-04T07:32:43.093 ; 2010-09-04T07:32:43.094 [
[18:31:53] INFO BEProgMissionLogger | Maximum possible duration of the slew : 5.147886842625506E-4
[18:31:53] INFO BEProgMissionLogger | Actual duration of the slew : 0.0011810565313173649
[18:31:53] INFO BEProgMissionLogger | ] 2010-09-06T07:11:19.933 ; 2010-09-06T07:11:57.868 [
[18:31:53] INFO BEProgMissionLogger | Maximum possible duration of the slew : 13.884866881977212
[18:31:53] INFO BEProgMissionLogger | Actual duration of the slew : 37.93499832419293
[18:31:53] INFO BEProgMissionLogger | Current target site : LILLE
[18:31:53] INFO BEProgMissionLogger | ] 2010-09-01T07:08:34.511 ; 2010-09-01T07:11:38.942 [
[18:31:53] INFO BEProgMissionLogger | Maximum possible duration of the slew : 33.13809643214857
[18:31:53] INFO BEProgMissionLogger | Actual duration of the slew : 184.43068170246067
[18:31:53] INFO BEProgMissionLogger | ] 2010-09-02T07:47:30.981 ; 2010-09-02T07:51:12.425 [
[18:31:53] INFO BEProgMissionLogger | Maximum possible duration of the slew : 41.95015999082456
[18:31:53] INFO BEProgMissionLogger | Actual duration of the slew : 221.44477282989197
[18:31:53] INFO BEProgMissionLogger | ] 2010-09-03T06:49:59.393 ; 2010-09-03T06:51:56.422 [
[18:31:53] INFO BEProgMissionLogger | Maximum possible duration of the slew : 21.38872671860625
[18:31:53] INFO BEProgMissionLogger | Actual duration of the slew : 117.02904620079367
[18:31:53] INFO BEProgMissionLogger | ] 2010-09-04T07:28:20.391 ; 2010-09-04T07:32:13.410 [
[18:31:53] INFO BEProgMissionLogger | Maximum possible duration of the slew : 44.90184278422473
[18:31:53] INFO BEProgMissionLogger | Actual duration of the slew : 233.0188198036894
[18:31:53] INFO BEProgMissionLogger | ] 2010-09-06T07:09:15.672 ; 2010-09-06T07:13:06.452 [
[18:31:53] INFO BEProgMissionLogger | Maximum possible duration of the slew : 44.20957730625524
[18:31:53] INFO BEProgMissionLogger | Actual duration of the slew : 230.77997025613402
[18:31:53] INFO BEProgMissionLogger | Current target site : MONTPELLIER
[18:31:53] INFO BEProgMissionLogger | ] 2010-09-01T07:10:08.814 ; 2010-09-01T07:13:47.578 [
[18:31:53] INFO BEProgMissionLogger | Maximum possible duration of the slew : 41.0861123213169
[18:31:53] INFO BEProgMissionLogger | Actual duration of the slew : 218.76421547283593
[18:31:53] INFO BEProgMissionLogger | ] 2010-09-03T06:51:20.807 ; 2010-09-03T06:54:21.287 [
[18:31:53] INFO BEProgMissionLogger | Maximum possible duration of the slew : 32.3241265965602
[18:31:53] INFO BEProgMissionLogger | Actual duration of the slew : 180.48028242733753
[18:31:53] INFO BEProgMissionLogger | ] 2010-09-06T07:11:04.113 ; 2010-09-06T07:14:54.784 [
[18:31:53] INFO BEProgMissionLogger | Maximum possible duration of the slew : 44.308290089288086
[18:31:53] INFO BEProgMissionLogger | Actual duration of the slew : 230.67111345581537
[18:31:53] INFO BEProgMissionLogger | Current target site : TOULON
[18:31:53] INFO BEProgMissionLogger | ] 2010-09-01T07:10:04.898 ; 2010-09-01T07:13:56.390 [
[18:31:53] INFO BEProgMissionLogger | Maximum possible duration of the slew : 44.447187057189915
[18:31:53] INFO BEProgMissionLogger | Actual duration of the slew : 231.4913312781461
[18:31:53] INFO BEProgMissionLogger | ] 2010-09-03T06:51:08.235 ; 2010-09-03T06:54:40.458 [
[18:31:53] INFO BEProgMissionLogger | Maximum possible duration of the slew : 39.488009745570004
[18:31:53] INFO BEProgMissionLogger | Actual duration of the slew : 212.22353156321515
[18:31:53] INFO BEProgMissionLogger | ] 2010-09-05T06:32:24.108 ; 2010-09-05T06:35:09.877 [
[18:31:53] INFO BEProgMissionLogger | Maximum possible duration of the slew : 29.29629402596992
[18:31:53] INFO BEProgMissionLogger | Actual duration of the slew : 165.7687742508193
[18:31:53] INFO BEProgMissionLogger | Current target site : REIMS
[18:31:53] INFO BEProgMissionLogger | ] 2010-09-01T07:08:45.535 ; 2010-09-01T07:12:08.838 [
[18:31:53] INFO BEProgMissionLogger | Maximum possible duration of the slew : 37.34369436486238
[18:31:53] INFO BEProgMissionLogger | Actual duration of the slew : 203.30257617484025
[18:31:53] INFO BEProgMissionLogger | ] 2010-09-03T06:50:01.762 ; 2010-09-03T06:52:36.239 [
[18:31:53] INFO BEProgMissionLogger | Maximum possible duration of the slew : 27.02544768132478
[18:31:53] INFO BEProgMissionLogger | Actual duration of the slew : 154.47728216721595
[18:31:53] INFO BEProgMissionLogger | ] 2010-09-04T07:28:41.506 ; 2010-09-04T07:32:29.585 [
[18:31:53] INFO BEProgMissionLogger | Maximum possible duration of the slew : 43.63596671995289
[18:31:53] INFO BEProgMissionLogger | Actual duration of the slew : 228.07874832386614
[18:31:53] INFO BEProgMissionLogger | ] 2010-09-06T07:09:33.519 ; 2010-09-06T07:13:27.184 [
[18:31:53] INFO BEProgMissionLogger | Maximum possible duration of the slew : 45.043927490825986
[18:31:53] INFO BEProgMissionLogger | Actual duration of the slew : 233.664994808808
[18:31:53] INFO BEProgMissionLogger | Current target site : ANGERS
[18:31:53] INFO BEProgMissionLogger | ] 2010-09-01T07:10:07.674 ; 2010-09-01T07:12:01.197 [
[18:31:53] INFO BEProgMissionLogger | Maximum possible duration of the slew : 20.938062000083818
[18:31:53] INFO BEProgMissionLogger | Actual duration of the slew : 113.52370841016341
[18:31:53] INFO BEProgMissionLogger | ] 2010-09-02T07:48:26.288 ; 2010-09-02T07:52:17.898 [
[18:31:53] INFO BEProgMissionLogger | Maximum possible duration of the slew : 44.545500872505045
[18:31:53] INFO BEProgMissionLogger | Actual duration of the slew : 231.61016970360197
[18:31:53] INFO BEProgMissionLogger | ] 2010-09-04T07:29:20.618 ; 2010-09-04T07:33:12.625 [
[18:31:53] INFO BEProgMissionLogger | Maximum possible duration of the slew : 44.561473698066294
[18:31:53] INFO BEProgMissionLogger | Actual duration of the slew : 232.00781353671994
[18:31:53] INFO BEProgMissionLogger | ] 2010-09-06T07:10:22.178 ; 2010-09-06T07:13:58.010 [
[18:31:53] INFO BEProgMissionLogger | Maximum possible duration of the slew : 40.33977335811002
[18:31:53] INFO BEProgMissionLogger | Actual duration of the slew : 215.8314512517045
[18:31:53] INFO BEProgMissionLogger | Current target site : SAINT-ETIENNE
[18:31:53] INFO BEProgMissionLogger | ] 2010-09-01T07:09:38.475 ; 2010-09-01T07:13:16.782 [
[18:31:53] INFO BEProgMissionLogger | Maximum possible duration of the slew : 41.00424267678855
[18:31:53] INFO BEProgMissionLogger | Actual duration of the slew : 218.30731276370227
[18:31:53] INFO BEProgMissionLogger | ] 2010-09-03T06:50:49.602 ; 2010-09-03T06:53:51.044 [
[18:31:53] INFO BEProgMissionLogger | Maximum possible duration of the slew : 32.54862885650479
[18:31:53] INFO BEProgMissionLogger | Actual duration of the slew : 181.44157359012735
[18:31:53] INFO BEProgMissionLogger | ] 2010-09-06T07:10:33.637 ; 2010-09-06T07:14:24.686 [
[18:31:53] INFO BEProgMissionLogger | Maximum possible duration of the slew : 44.44589776485298
[18:31:53] INFO BEProgMissionLogger | Actual duration of the slew : 231.04907699672788
[18:31:53] INFO BEProgMissionLogger | Current target site : BORDEAUX
[18:31:53] INFO BEProgMissionLogger | ] 2010-09-01T07:10:41.010 ; 2010-09-01T07:12:54.030 [
[18:31:53] INFO BEProgMissionLogger | Maximum possible duration of the slew : 23.51590906419009
[18:31:53] INFO BEProgMissionLogger | Actual duration of the slew : 133.0204532766029
[18:31:53] INFO BEProgMissionLogger | ] 2010-09-02T07:49:09.619 ; 2010-09-02T07:52:56.869 [
[18:31:53] INFO BEProgMissionLogger | Maximum possible duration of the slew : 43.421557274596225
[18:31:53] INFO BEProgMissionLogger | Actual duration of the slew : 227.25013387634934
[18:31:53] INFO BEProgMissionLogger | ] 2010-09-04T07:30:01.477 ; 2010-09-04T07:33:55.078 [
[18:31:53] INFO BEProgMissionLogger | Maximum possible duration of the slew : 45.02871552789355
[18:31:53] INFO BEProgMissionLogger | Actual duration of the slew : 233.60130001060173
[18:31:53] INFO BEProgMissionLogger | ] 2010-09-06T07:11:01.125 ; 2010-09-06T07:14:43.377 [
[18:31:53] INFO BEProgMissionLogger | Maximum possible duration of the slew : 41.96460533860075
[18:31:53] INFO BEProgMissionLogger | Actual duration of the slew : 222.25124628502164
[18:31:53] INFO BEProgMissionLogger | Current target site : LE MANS
[18:31:53] INFO BEProgMissionLogger | ] 2010-09-01T07:09:46.721 ; 2010-09-01T07:12:02.305 [
[18:31:53] INFO BEProgMissionLogger | Maximum possible duration of the slew : 23.855940426663977
[18:31:53] INFO BEProgMissionLogger | Actual duration of the slew : 135.58368537550555
[18:31:53] INFO BEProgMissionLogger | ] 2010-09-02T07:48:16.583 ; 2010-09-02T07:52:06.421 [
[18:31:53] INFO BEProgMissionLogger | Maximum possible duration of the slew : 44.0892962558207
[18:31:53] INFO BEProgMissionLogger | Actual duration of the slew : 229.83746371437945
[18:31:53] INFO BEProgMissionLogger | ] 2010-09-04T07:29:09.630 ; 2010-09-04T07:33:02.771 [
[18:31:53] INFO BEProgMissionLogger | Maximum possible duration of the slew : 44.88715288353485
[18:31:53] INFO BEProgMissionLogger | Actual duration of the slew : 233.14098476324114
[18:31:53] INFO BEProgMissionLogger | ] 2010-09-06T07:10:09.548 ; 2010-09-06T07:13:50.144 [
[18:31:53] INFO BEProgMissionLogger | Maximum possible duration of the slew : 41.534170968229034
[18:31:53] INFO BEProgMissionLogger | Actual duration of the slew : 220.59684590128023
[18:31:53] INFO BEProgMissionLogger | Current target site : NICE
[18:31:53] INFO BEProgMissionLogger | ] 2010-09-01T07:09:50.969 ; 2010-09-01T07:13:44.545 [
[18:31:53] INFO BEProgMissionLogger | Maximum possible duration of the slew : 45.04372508234663
[18:31:53] INFO BEProgMissionLogger | Actual duration of the slew : 233.57584936974098
[18:31:53] INFO BEProgMissionLogger | ] 2010-09-03T06:50:50.539 ; 2010-09-03T06:54:33.141 [
[18:31:53] INFO BEProgMissionLogger | Maximum possible duration of the slew : 42.07298437648143
[18:31:53] INFO BEProgMissionLogger | Actual duration of the slew : 222.60201812546686
[18:31:53] INFO BEProgMissionLogger | ] 2010-09-05T06:32:00.222 ; 2010-09-05T06:35:09.508 [
[18:31:53] INFO BEProgMissionLogger | Maximum possible duration of the slew : 34.223091779269225
[18:31:53] INFO BEProgMissionLogger | Actual duration of the slew : 189.2863759561371
[18:31:53] INFO BEProgMissionLogger | Current target site : RENNES
[18:31:53] INFO BEProgMissionLogger | ] 2010-09-02T07:48:18.846 ; 2010-09-02T07:52:12.606 [
[18:31:53] INFO BEProgMissionLogger | Maximum possible duration of the slew : 45.08313121131768
[18:31:53] INFO BEProgMissionLogger | Actual duration of the slew : 233.75971712440608
[18:31:53] INFO BEProgMissionLogger | ] 2010-09-04T07:29:16.403 ; 2010-09-04T07:33:03.021 [
[18:31:53] INFO BEProgMissionLogger | Maximum possible duration of the slew : 43.093635906945806
[18:31:53] INFO BEProgMissionLogger | Actual duration of the slew : 226.61727597884135
[18:31:53] INFO BEProgMissionLogger | ] 2010-09-06T07:10:21.786 ; 2010-09-06T07:13:43.497 [
[18:31:53] INFO BEProgMissionLogger | Maximum possible duration of the slew : 36.978120450417265
[18:31:53] INFO BEProgMissionLogger | Actual duration of the slew : 201.71097080282
[18:31:53] INFO BEProgMissionLogger | Current target site : LE HAVRE
[18:31:53] INFO BEProgMissionLogger | ] 2010-09-01T07:09:28.721 ; 2010-09-01T07:11:31.455 [
[18:31:53] INFO BEProgMissionLogger | Maximum possible duration of the slew : 22.13908822704291
[18:31:53] INFO BEProgMissionLogger | Actual duration of the slew : 122.73468886003933
[18:31:53] INFO BEProgMissionLogger | ] 2010-09-02T07:47:52.251 ; 2010-09-02T07:51:44.393 [
[18:31:53] INFO BEProgMissionLogger | Maximum possible duration of the slew : 44.681005558320834
[18:31:53] INFO BEProgMissionLogger | Actual duration of the slew : 232.1425021471724
[18:31:53] INFO BEProgMissionLogger | ] 2010-09-04T07:28:46.781 ; 2010-09-04T07:32:38.597 [
[18:31:53] INFO BEProgMissionLogger | Maximum possible duration of the slew : 44.50266626395401
[18:31:53] INFO BEProgMissionLogger | Actual duration of the slew : 231.81597167844944
[18:31:53] INFO BEProgMissionLogger | ] 2010-09-06T07:09:47.914 ; 2010-09-06T07:13:24.105 [
[18:31:53] INFO BEProgMissionLogger | Maximum possible duration of the slew : 40.421857101472256
[18:31:53] INFO BEProgMissionLogger | Actual duration of the slew : 216.19047429100232
[18:31:53] INFO BEProgMissionLogger | Current target site : MARSEILLE
[18:31:53] INFO BEProgMissionLogger | ] 2010-09-01T07:10:04.719 ; 2010-09-01T07:13:53.825 [
[18:31:53] INFO BEProgMissionLogger | Maximum possible duration of the slew : 43.79389417033106
[18:31:53] INFO BEProgMissionLogger | Actual duration of the slew : 229.10668321764456
[18:31:53] INFO BEProgMissionLogger | ] 2010-09-03T06:51:10.176 ; 2010-09-03T06:54:35.292 [
[18:31:53] INFO BEProgMissionLogger | Maximum possible duration of the slew : 37.79851502342689
[18:31:53] INFO BEProgMissionLogger | Actual duration of the slew : 205.11546584946058
[18:31:53] INFO BEProgMissionLogger | ] 2010-09-05T06:34:42.140 ; 2010-09-05T06:35:00.356 [
[18:31:53] INFO BEProgMissionLogger | Maximum possible duration of the slew : 8.718960765596664
[18:31:53] INFO BEProgMissionLogger | Actual duration of the slew : 18.21592098064093
[18:31:53] INFO BEProgMissionLogger | ] 2010-09-06T07:11:08.619 ; 2010-09-06T07:12:54.268 [
[18:31:53] INFO BEProgMissionLogger | Maximum possible duration of the slew : 21.23318982106207
[18:31:53] INFO BEProgMissionLogger | Actual duration of the slew : 105.64912009559811
[18:31:53] INFO BEProgMissionLogger | Current target site : GRENOBLE
[18:31:53] INFO BEProgMissionLogger | ] 2010-09-01T07:09:34.713 ; 2010-09-01T07:13:22.591 [
[18:31:53] INFO BEProgMissionLogger | Maximum possible duration of the slew : 43.461799680716325
[18:31:53] INFO BEProgMissionLogger | Actual duration of the slew : 227.87798378523843
[18:31:53] INFO BEProgMissionLogger | ] 2010-09-03T06:50:40.364 ; 2010-09-03T06:54:03.413 [
[18:31:53] INFO BEProgMissionLogger | Maximum possible duration of the slew : 37.314621628267446
[18:31:53] INFO BEProgMissionLogger | Actual duration of the slew : 203.04847333875182
[18:31:53] INFO BEProgMissionLogger | ] 2010-09-05T06:34:16.562 ; 2010-09-05T06:34:28.281 [
[18:31:53] INFO BEProgMissionLogger | Maximum possible duration of the slew : 6.893230555024086
[18:31:53] INFO BEProgMissionLogger | Actual duration of the slew : 11.719488285998025
[18:31:53] INFO BEProgMissionLogger | ] 2010-09-06T07:10:36.948 ; 2010-09-06T07:13:28.344 [
[18:31:53] INFO BEProgMissionLogger | Maximum possible duration of the slew : 34.733382572111175
[18:31:53] INFO BEProgMissionLogger | Actual duration of the slew : 171.3964420441659
[18:31:53] INFO BEProgMissionLogger | Current target site : TOULOUSE
[18:31:53] INFO BEProgMissionLogger | ] 2010-09-01T07:10:29.871 ; 2010-09-01T07:13:37.558 [
[18:31:53] INFO BEProgMissionLogger | Maximum possible duration of the slew : 33.87251554803427
[18:31:53] INFO BEProgMissionLogger | Actual duration of the slew : 187.68756430803688
[18:31:53] INFO BEProgMissionLogger | ] 2010-09-03T06:52:00.596 ; 2010-09-03T06:53:50.707 [
[18:31:53] INFO BEProgMissionLogger | Maximum possible duration of the slew : 20.50507849106711
[18:31:53] INFO BEProgMissionLogger | Actual duration of the slew : 110.11102100418375
[18:31:53] INFO BEProgMissionLogger | ] 2010-09-04T07:30:17.211 ; 2010-09-04T07:34:06.179 [
[18:31:53] INFO BEProgMissionLogger | Maximum possible duration of the slew : 43.874729227787824
[18:31:53] INFO BEProgMissionLogger | Actual duration of the slew : 228.96826220573982
[18:31:53] INFO BEProgMissionLogger | ] 2010-09-06T07:11:10.155 ; 2010-09-06T07:15:03.131 [
[18:31:53] INFO BEProgMissionLogger | Maximum possible duration of the slew : 44.858814409749584
[18:31:53] INFO BEProgMissionLogger | Actual duration of the slew : 232.97646878305676
[18:31:53] INFO BEProgMissionLogger | Current target site : LYON
[18:31:53] INFO BEProgMissionLogger | ] 2010-09-01T07:09:30.731 ; 2010-09-01T07:13:12.017 [
[18:31:53] INFO BEProgMissionLogger | Maximum possible duration of the slew : 41.726840203198066
[18:31:53] INFO BEProgMissionLogger | Actual duration of the slew : 221.28688397057238
[18:31:53] INFO BEProgMissionLogger | ] 2010-09-03T06:50:40.173 ; 2010-09-03T06:53:48.169 [
[18:31:53] INFO BEProgMissionLogger | Maximum possible duration of the slew : 33.93329815121502
[18:31:53] INFO BEProgMissionLogger | Actual duration of the slew : 187.99594195847638
[18:31:53] INFO BEProgMissionLogger | ] 2010-09-06T07:10:27.627 ; 2010-09-06T07:14:17.811 [
[18:31:53] INFO BEProgMissionLogger | Maximum possible duration of the slew : 44.190150367352935
[18:31:53] INFO BEProgMissionLogger | Actual duration of the slew : 230.18425534917978
[18:31:53] INFO BEProgMissionLogger | Current target site : DIJON
[18:31:53] INFO BEProgMissionLogger | ] 2010-09-01T07:09:06.632 ; 2010-09-01T07:12:45.491 [
[18:31:53] INFO BEProgMissionLogger | Maximum possible duration of the slew : 41.110222928591355
[18:31:53] INFO BEProgMissionLogger | Actual duration of the slew : 218.85883980829732
[18:31:53] INFO BEProgMissionLogger | ] 2010-09-03T06:50:16.543 ; 2010-09-03T06:53:20.701 [
[18:31:53] INFO BEProgMissionLogger | Maximum possible duration of the slew : 33.10298573709897
[18:31:53] INFO BEProgMissionLogger | Actual duration of the slew : 184.1582333183298
[18:31:53] INFO BEProgMissionLogger | ] 2010-09-06T07:10:02.003 ; 2010-09-06T07:13:53.688 [
[18:31:53] INFO BEProgMissionLogger | Maximum possible duration of the slew : 44.58132727857816
[18:31:53] INFO BEProgMissionLogger | Actual duration of the slew : 231.68511267023612
[18:31:53] INFO BEProgMissionLogger | Current target site : AIX-EN-PROVENCE
[18:31:53] INFO BEProgMissionLogger | ] 2010-09-01T07:10:00.838 ; 2010-09-01T07:13:49.883 [
[18:31:53] INFO BEProgMissionLogger | Maximum possible duration of the slew : 43.77424670871077
[18:31:53] INFO BEProgMissionLogger | Actual duration of the slew : 229.04482068166323
[18:31:53] INFO BEProgMissionLogger | ] 2010-09-03T06:51:06.269 ; 2010-09-03T06:54:31.331 [
[18:31:53] INFO BEProgMissionLogger | Maximum possible duration of the slew : 37.78335000005805
[18:31:53] INFO BEProgMissionLogger | Actual duration of the slew : 205.06145268338298
[18:31:53] INFO BEProgMissionLogger | ] 2010-09-05T06:34:35.071 ; 2010-09-05T06:34:56.485 [
[18:31:53] INFO BEProgMissionLogger | Maximum possible duration of the slew : 9.222873287712986
[18:31:53] INFO BEProgMissionLogger | Actual duration of the slew : 21.413937629022143
[18:31:53] INFO BEProgMissionLogger | ] 2010-09-06T07:11:04.598 ; 2010-09-06T07:12:56.290 [
[18:31:53] INFO BEProgMissionLogger | Maximum possible duration of the slew : 22.29540422445828
[18:31:53] INFO BEProgMissionLogger | Actual duration of the slew : 111.69283381245668
[18:31:53] INFO BEProgMissionLogger | Observation plan : {NANTES=fr.cnes.sirius.patrius.attitudes.AttitudeLawLeg@66c61024, STRASBOURG=fr.cnes.sirius.patrius.attitudes.AttitudeLawLeg@61fe30, PARIS=fr.cnes.sirius.patrius.attitudes.AttitudeLawLeg@c9d0d6, LILLE=fr.cnes.sirius.patrius.attitudes.AttitudeLawLeg@6ccdb29f, MONTPELLIER=fr.cnes.sirius.patrius.attitudes.AttitudeLawLeg@3adcc812, TOULON=fr.cnes.sirius.patrius.attitudes.AttitudeLawLeg@35432107, REIMS=fr.cnes.sirius.patrius.attitudes.AttitudeLawLeg@7b420819, ANGERS=fr.cnes.sirius.patrius.attitudes.AttitudeLawLeg@7a1a14a4, SAINT-ETIENNE=fr.cnes.sirius.patrius.attitudes.AttitudeLawLeg@265adfad, BORDEAUX=fr.cnes.sirius.patrius.attitudes.AttitudeLawLeg@a3d9978, LE MANS=fr.cnes.sirius.patrius.attitudes.AttitudeLawLeg@61544ae6, NICE=fr.cnes.sirius.patrius.attitudes.AttitudeLawLeg@4b41dd5c, RENNES=fr.cnes.sirius.patrius.attitudes.AttitudeLawLeg@3b96c42e, LE HAVRE=fr.cnes.sirius.patrius.attitudes.AttitudeLawLeg@5d066c7d, MARSEILLE=fr.cnes.sirius.patrius.attitudes.AttitudeLawLeg@1e461e41, GRENOBLE=fr.cnes.sirius.patrius.attitudes.AttitudeLawLeg@5ba88be8, TOULOUSE=fr.cnes.sirius.patrius.attitudes.AttitudeLawLeg@56928307, LYON=fr.cnes.sirius.patrius.attitudes.AttitudeLawLeg@3899782c, DIJON=fr.cnes.sirius.patrius.attitudes.AttitudeLawLeg@1603cd68, AIX-EN-PROVENCE=fr.cnes.sirius.patrius.attitudes.AttitudeLawLeg@9ebe38b}
[18:31:53] INFO BEProgMissionLogger | ============= Computing Cinematic Plan =============
[18:31:53] INFO BEProgMissionLogger | Cinematic plan : Size : 5
1 : [ 2010-09-01T00:00:00.000 ; 2010-09-06T07:10:54.734 ] — Nadir_Law_1
2 : [ 2010-09-06T07:10:54.734 ; 2010-09-06T07:11:33.900 ] — Slew_Nadir_to_Paris
3 : [ 2010-09-06T07:11:33.900 ; 2010-09-06T07:11:43.900 ] — OBS_PARIS
4 : [ 2010-09-06T07:11:43.900 ; 2010-09-06T07:12:23.067 ] — Slew_Paris_to_Nadir
5 : [ 2010-09-06T07:12:23.067 ; 2010-09-08T00:00:00.000 ] — Nadir_Law_2

[18:31:53] INFO BEProgMissionLogger | Nadir_Law_1
[18:31:53] INFO BEProgMissionLogger | Cinematic is ok
[18:31:53] INFO BEProgMissionLogger | Slew_Nadir_to_Paris
[18:31:53] INFO BEProgMissionLogger | Cinematic is ok
[18:31:53] INFO BEProgMissionLogger | OBS_PARIS
[18:31:53] INFO BEProgMissionLogger | Cinematic is ok
[18:31:53] INFO BEProgMissionLogger | Slew_Paris_to_Nadir
[18:31:53] INFO BEProgMissionLogger | Cinematic is ok
[18:31:53] INFO BEProgMissionLogger | Nadir_Law_2
[18:31:53] INFO BEProgMissionLogger | Cinematic is ok
[18:31:53] INFO BEProgMissionLogger | ==== Is the cinematic plan valid ? => true ==== 
[18:31:53] INFO BEProgMissionLogger | Plan validity : true
[18:31:53] INFO BEProgMissionLogger | Number of cities visited : 20
[18:31:53] INFO BEProgMissionLogger | ==== Evaluation of the final score ====
[18:31:53] INFO BEProgMissionLogger | Site : NANTES GeodeticPoint: name=NANTES, latitude=0.8240868769264067, longitude=-0.02705260340591211, altitude=27.0
[18:31:53] INFO BEProgMissionLogger | Incidence angle rad : 0.5542976330340503
[18:31:53] INFO BEProgMissionLogger | Incidence angle deg : 31.758914966942363
[18:31:53] INFO BEProgMissionLogger |  => Contribution of NANTES : 283300.0*0.8502703381702328 = 240881.58680362694
[18:31:53] INFO BEProgMissionLogger | Site : STRASBOURG GeodeticPoint: name=STRASBOURG, latitude=0.8479385464841611, longitude=0.13526301702956053, altitude=141.5
[18:31:53] INFO BEProgMissionLogger | Incidence angle rad : 0.7183837307238637
[18:31:53] INFO BEProgMissionLogger | Incidence angle deg : 41.16035584134
[18:31:53] INFO BEProgMissionLogger |  => Contribution of STRASBOURG : 272100.0*0.7528704898825932 = 204856.0602970536
[18:31:53] INFO BEProgMissionLogger | Site : PARIS GeodeticPoint: name=PARIS, latitude=0.8527678725244294, longitude=0.04091837164838106, altitude=0.0
[18:31:53] INFO BEProgMissionLogger | Incidence angle rad : 0.21676843530003975
[18:31:53] INFO BEProgMissionLogger | Incidence angle deg : 12.419916474346929
[18:31:53] INFO BEProgMissionLogger |  => Contribution of PARIS : 2211000.0*0.976597575600421 = 2159257.2396525308
[18:31:53] INFO BEProgMissionLogger | Site : LILLE GeodeticPoint: name=LILLE, latitude=0.8837177961500449, longitude=0.0535234885721345, altitude=31.0
[18:31:53] INFO BEProgMissionLogger | Incidence angle rad : 0.21081480498440414
[18:31:53] INFO BEProgMissionLogger | Incidence angle deg : 12.078798584479868
[18:31:53] INFO BEProgMissionLogger |  => Contribution of LILLE : 225800.0*0.977860735916653 = 220800.95416998025
[18:31:53] INFO BEProgMissionLogger | Site : MONTPELLIER GeodeticPoint: name=MONTPELLIER, latitude=0.7609635538695277, longitude=0.06777689444147139, altitude=64.0
[18:31:53] INFO BEProgMissionLogger | Incidence angle rad : 0.19702581938578878
[18:31:53] INFO BEProgMissionLogger | Incidence angle deg : 11.288747905912535
[18:31:53] INFO BEProgMissionLogger |  => Contribution of MONTPELLIER : 253000.0*0.9806531207334739 = 248105.23954556888
[18:31:53] INFO BEProgMissionLogger | Site : TOULON GeodeticPoint: name=TOULON, latitude=0.7525283775946391, longitude=0.10355614410735516, altitude=294.5
[18:31:53] INFO BEProgMissionLogger | Incidence angle rad : 0.7556148992635794
[18:31:53] INFO BEProgMissionLogger | Incidence angle deg : 43.29354466500595
[18:31:53] INFO BEProgMissionLogger |  => Contribution of TOULON : 166700.0*0.7278500220314119 = 121332.59867263636
[18:31:53] INFO BEProgMissionLogger | Site : REIMS GeodeticPoint: name=REIMS, latitude=0.8595746566072073, longitude=0.0703948883194629, altitude=105.5
[18:31:53] INFO BEProgMissionLogger | Incidence angle rad : 0.04491643599240112
[18:31:53] INFO BEProgMissionLogger | Incidence angle deg : 2.573522213134089
[18:31:53] INFO BEProgMissionLogger |  => Contribution of REIMS : 181500.0*0.998991426471243 = 181316.9439045306
[18:31:53] INFO BEProgMissionLogger | Site : ANGERS GeodeticPoint: name=ANGERS, latitude=0.8284502000563925, longitude=-0.009599310885968814, altitude=38.0
[18:31:53] INFO BEProgMissionLogger | Incidence angle rad : 0.4675058282865767
[18:31:53] INFO BEProgMissionLogger | Incidence angle deg : 26.786110858588625
[18:31:53] INFO BEProgMissionLogger |  => Contribution of ANGERS : 148400.0*0.8926950900127401 = 132475.95135789062
[18:31:53] INFO BEProgMissionLogger | Site : SAINT-ETIENNE GeodeticPoint: name=SAINT-ETIENNE, latitude=0.7929606750463398, longitude=0.07679448708775051, altitude=769.5
[18:31:53] INFO BEProgMissionLogger | Incidence angle rad : 0.17448489979112614
[18:31:53] INFO BEProgMissionLogger | Incidence angle deg : 9.997248346794626
[18:31:53] INFO BEProgMissionLogger |  => Contribution of SAINT-ETIENNE : 172700.0*0.9848160914011391 = 170077.73898497672
[18:31:53] INFO BEProgMissionLogger | Site : BORDEAUX GeodeticPoint: name=BORDEAUX, latitude=0.7824886995343738, longitude=-0.009890204912398708, altitude=21.5
[18:31:53] INFO BEProgMissionLogger | Incidence angle rad : 0.3864635873499633
[18:31:53] INFO BEProgMissionLogger | Incidence angle deg : 22.142732490638327
[18:31:53] INFO BEProgMissionLogger |  => Contribution of BORDEAUX : 235900.0*0.9262477766260245 = 218501.85050607918
[18:31:53] INFO BEProgMissionLogger | Site : LE MANS GeodeticPoint: name=LE MANS, latitude=0.8377580409572782, longitude=0.003490658503988659, altitude=86.0
[18:31:53] INFO BEProgMissionLogger | Incidence angle rad : 0.4100741126938978
[18:31:53] INFO BEProgMissionLogger | Incidence angle deg : 23.495515944932443
[18:31:53] INFO BEProgMissionLogger |  => Contribution of LE MANS : 143500.0*0.9170912782867916 = 131602.59843415458
[18:31:53] INFO BEProgMissionLogger | Site : NICE GeodeticPoint: name=NICE, latitude=0.7627088831215221, longitude=0.1265363707695889, altitude=260.0
[18:31:53] INFO BEProgMissionLogger | Incidence angle rad : 0.6601922696000565
[18:31:53] INFO BEProgMissionLogger | Incidence angle deg : 37.82623071524624
[18:31:53] INFO BEProgMissionLogger |  => Contribution of NICE : 344900.0*0.7898743331641166 = 272427.6575083038
[18:31:53] INFO BEProgMissionLogger | Site : RENNES GeodeticPoint: name=RENNES, latitude=0.8392119002241895, longitude=-0.029379650897596147, altitude=47.0
[18:31:53] INFO BEProgMissionLogger | Incidence angle rad : 0.5880669341290523
[18:31:53] INFO BEProgMissionLogger | Incidence angle deg : 33.69375339679249
[18:31:53] INFO BEProgMissionLogger |  => Contribution of RENNES : 206700.0*0.8320146084300071 = 171977.41956248245
[18:31:53] INFO BEProgMissionLogger | Site : LE HAVRE GeodeticPoint: name=LE HAVRE, latitude=0.8639379797371931, longitude=0.0023270998515615995, altitude=52.5
[18:31:53] INFO BEProgMissionLogger | Incidence angle rad : 0.46390728915976753
[18:31:53] INFO BEProgMissionLogger | Incidence angle deg : 26.579929754209765
[18:31:53] INFO BEProgMissionLogger |  => Contribution of LE HAVRE : 178800.0*0.8943110283463467 = 159902.8118683268
[18:31:53] INFO BEProgMissionLogger | Site : MARSEILLE GeodeticPoint: name=MARSEILLE, latitude=0.7556699702482289, longitude=0.09383570737129793, altitude=320.0
[18:31:53] INFO BEProgMissionLogger | Incidence angle rad : 0.6568355456604094
[18:31:53] INFO BEProgMissionLogger | Incidence angle deg : 37.63390460051393
[18:31:53] INFO BEProgMissionLogger |  => Contribution of MARSEILLE : 851400.0*0.7919284531447294 = 674247.8850074225
[18:31:53] INFO BEProgMissionLogger | Site : GRENOBLE GeodeticPoint: name=GRENOBLE, latitude=0.7883076272605228, longitude=0.09977471374998423, altitude=402.0
[18:31:53] INFO BEProgMissionLogger | Incidence angle rad : 0.4291737455139337
[18:31:53] INFO BEProgMissionLogger | Incidence angle deg : 24.58984429577005
[18:31:53] INFO BEProgMissionLogger |  => Contribution of GRENOBLE : 156700.0*0.9093098807324715 = 142488.8583107783
[18:31:53] INFO BEProgMissionLogger | Site : TOULOUSE GeodeticPoint: name=TOULOUSE, latitude=0.7609635538695277, longitude=0.025016327767610324, altitude=189.0
[18:31:53] INFO BEProgMissionLogger | Incidence angle rad : 0.10601421707747637
[18:31:53] INFO BEProgMissionLogger | Incidence angle deg : 6.074167206923132
[18:31:53] INFO BEProgMissionLogger |  => Contribution of TOULOUSE : 439600.0*0.9943857540607314 = 437131.97748509754
[18:31:53] INFO BEProgMissionLogger | Site : LYON GeodeticPoint: name=LYON, latitude=0.7986434670908332, longitude=0.08449819587312826, altitude=237.0
[18:31:53] INFO BEProgMissionLogger | Incidence angle rad : 0.21046719711893194
[18:31:53] INFO BEProgMissionLogger | Incidence angle deg : 12.058882120862759
[18:31:53] INFO BEProgMissionLogger |  => Contribution of LYON : 474900.0*0.977933416124129 = 464420.57931734883
[18:31:53] INFO BEProgMissionLogger | Site : DIJON GeodeticPoint: name=DIJON, latitude=0.8258322061784009, longitude=0.08755740898602395, altitude=315.0
[18:31:53] INFO BEProgMissionLogger | Incidence angle rad : 0.15727336417279267
[18:31:53] INFO BEProgMissionLogger | Incidence angle deg : 9.01109999692503
[18:31:53] INFO BEProgMissionLogger |  => Contribution of DIJON : 151600.0*0.9876580157779052 = 149728.95519193044
[18:31:53] INFO BEProgMissionLogger | Site : AIX-EN-PROVENCE GeodeticPoint: name=AIX-EN-PROVENCE, latitude=0.7597994192584474, longitude=0.09482949784738351, altitude=287.0
[18:31:53] INFO BEProgMissionLogger | Incidence angle rad : 0.6368153224171377
[18:31:53] INFO BEProgMissionLogger | Incidence angle deg : 36.48683030376475
[18:31:53] INFO BEProgMissionLogger |  => Contribution of AIX-EN-PROVENCE : 142700.0*0.803993562111279 = 114729.88131327952
[18:31:53] INFO BEProgMissionLogger | Final score :6616264.787893999
[18:31:53] INFO BEProgMissionLogger | Duration of the score computation : 0.011
[18:31:53] INFO BEProgMissionLogger | Total duration : 0.713
[18:31:53] INFO BEProgMissionLogger | 

Writing VTS outputs, please wait...
[18:31:53] INFO BEProgMissionLogger | VTS POI file created : ../Vts-WindowsNT-32bits-3.5.1/Data/BESupaero/Data/BE_Supaero_Target_Sites_POI.txt
[18:31:53] INFO BEProgMissionLogger | VTS OEM file created : ../Vts-WindowsNT-32bits-3.5.1/Data/BESupaero/Data/BE_Supaero_Satellite_Trajectory_OEM.txt
[18:32:06] INFO BEProgMissionLogger | VTS AEM file created : ../Vts-WindowsNT-32bits-3.5.1/Data/BESupaero/Data/BE_Supaero_Nadir_Pointing_AEM.txt
[18:32:19] INFO BEProgMissionLogger | VTS AEM file created : ../Vts-WindowsNT-32bits-3.5.1/Data/BESupaero/Data/BE_Supaero_Cinematic_Plan_AEM.txt
[18:32:19] INFO BEProgMissionLogger | VTS MEM file created : ../Vts-WindowsNT-32bits-3.5.1/Data/BESupaero/Data/BE_Supaero_Cinematic_Plan_Events_MEM.txt
[18:32:19] INFO BEProgMissionLogger | VTS outputs written
[18:32:19] INFO BEProgMissionLogger | 

Simulation done
[18:32:19] INFO BEProgMissionLogger | ##################################################
